500 GET /api/admin/ {"Name":"Expert","limiteproduit":"illimité","chiffredaffaire":"20 000"} 3.391 ms
404 GET /api/admin/loginAdmin {"email":"a.chouqfi@gmail.com","password":"123"} 3.726 ms
404 POST /api/admin/loginAdmin {"email":"a.chouqfi@gmail.com","password":"123"} 33.436 ms
404 POST /api/admin/loginAdmin {"email":"a.chouqfi@gmail.com","password":"123"} 27.457 ms
200 POST /api/admin/loginAdmin {"email":"a.chouqfi@gmail.com","password":"123"} 17.332 ms
404 POST /api/admin/login {"email":"a.chouqfi@gmail.com","password":"123"} 4.318 ms
200 POST /api/admin/loginAdmin {"email":"a.chouqfi@gmail.com","password":"123"} 45.393 ms
400 POST /api/admin/loginAdmin {"email":"a.chouqfi@gmail.com","password":"12"} 13.420 ms
400 POST /api/admin/loginAdmin {"email":"a.chouqfi@gmail.com","password":"aaa"} 12.603 ms
200 POST /api/admin/loginAdmin {"email":"a.chouqfi@gmail.com","password":"123"} 13.962 ms
200 POST /api/admin/loginAdmin {"email":"a.chouqfi@gmail.com","password":"123"} 13.639 ms
200 POST /api/user/addUser {"email":"a@gmail.com","password":"123","firstName":"firstName","lastName":"lastName","phone":"phone","adress":"adress"} 166.726 ms
404 POST /api/user/addUser {"email":"a@gmail.com","password":"123","firstName":"firstName","lastName":"lastName","phone":"phone","adress":"adress"} 17.241 ms
200 POST /api/user/addUser {"email":"ay@gmail.com","password":"123","firstName":"firstName","lastName":"lastName","phone":"phone","adress":"adress"} 106.138 ms
- POST /api/user/loginUser {"email":"ay@gmail.com","password":"123"} - ms
- POST /api/user/loginUser {"email":"ay@gmail.com","password":"123"} - ms
200 POST /api/admin/loginAdmin {"email":"a.chouqfi@gmail.com","password":"123"} 53.244 ms
404 POST /api/admin/loginAdmin {"email":"a.choufi@gmail.com","password":"123"} 10.656 ms
404 POST /api/admin/loginAdmin {"email":"a@gmail.com","password":"re"} 10.313 ms
404 POST /api/admin/loginAdmin {"email":"a@gmail.com","password":"re"} 4.864 ms
200 POST /api/admin/loginAdmin {"email":"a.chouqfi@gmail.com","password":"123"} 5.159 ms
404 POST /api/admin/loginAdmin {"email":"a.choqufi@gmail.com","password":"123"} 36.946 ms
200 POST /api/admin/loginAdmin {"email":"a.chouqfi@gmail.com","password":"123"} 13.445 ms
200 POST /api/admin/loginAdmin {"email":"a.chouqfi@gmail.com","password":"123"} 6.572 ms
200 POST /api/admin/loginAdmin {"email":"a.chouqfi@gmail.com","password":"123"} 6.388 ms
200 POST /api/admin/loginAdmin {"email":"a.chouqfi@gmail.com","password":"123"} 6.245 ms
200 POST /api/admin/loginAdmin {"email":"a.chouqfi@gmail.com","password":"123"} 6.146 ms
200 POST /api/admin/loginAdmin {"email":"a.chouqfi@gmail.com","password":"123"} 9.175 ms
404 GET /api/managers {} 13.215 ms
404 GET /api/managers {} 0.989 ms
404 GET /api/managers {} 0.488 ms
404 GET /api/managers {} 0.550 ms
404 GET /api/managers {} 0.374 ms
404 GET /api/managers {} 1.268 ms
404 GET /api/managers {} 0.788 ms
404 GET /api/managers {} 1.619 ms
404 GET /api/managers {} 1.212 ms
404 GET /api/managers {} 0.662 ms
404 GET /api/managers {} 0.524 ms
404 GET /api/managers {} 0.482 ms
404 GET /api/managers {} 1.670 ms
404 GET /api/managers {} 0.888 ms
404 GET /api/managers {} 0.631 ms
404 GET /api/managers {} 0.516 ms
404 GET /api/managers {} 0.714 ms
404 GET /api/managers {} 0.582 ms
404 GET /api/managers {} 0.481 ms
404 GET /api/managers {} 0.455 ms
404 GET /api/managers {} 0.908 ms
404 GET /api/appointments/undefined {} 0.353 ms
404 GET /api/appointments/undefined {} 0.436 ms
404 GET /api/appointments/undefined {} 1.256 ms
404 GET /api/appointments/undefined {} 0.340 ms
404 GET /api/appointments/undefined {} 0.298 ms
404 GET /api/appointments/undefined {} 0.407 ms
404 GET /api/appointments/undefined {} 0.585 ms
404 GET /api/appointments/undefined {} 0.584 ms
404 GET /api/appointments/undefined {} 0.305 ms
404 GET /api/appointments/undefined {} 0.582 ms
404 GET /api/appointments/undefined {} 0.517 ms
404 GET /api/appointments/undefined {} 0.461 ms
404 GET /api/appointments/undefined {} 0.530 ms
404 GET /api/appointments/undefined {} 0.386 ms
404 GET /api/appointments/undefined {} 0.813 ms
404 GET /api/appointments/undefined {} 0.422 ms
404 GET /api/appointments/undefined {} 0.682 ms
404 GET /api/appointments/undefined {} 0.509 ms
404 GET /api/appointments/undefined {} 0.535 ms
404 GET /api/appointments/undefined {} 0.686 ms
404 GET /api/appointments/undefined {} 14.380 ms
404 GET /api/appointments/undefined {} 0.543 ms
404 GET /api/appointments/undefined {} 0.578 ms
404 GET /api/appointments/undefined {} 0.604 ms
404 GET /api/managers {} 0.647 ms
404 GET /api/managers {} 0.531 ms
404 GET /api/managers {} 0.490 ms
404 GET /api/managers {} 0.679 ms
400 POST /api/admin/loginAdmin {"email":"a.chouqfi@gmail.com","password":"123hjj"} 127.051 ms
200 POST /api/admin/loginAdmin {"email":"a.chouqfi@gmail.com","password":"123"} 5.968 ms
404 GET /api/appointments/undefined {} 1.012 ms
404 GET /api/appointments/undefined {} 0.574 ms
404 GET /api/managers {} 0.640 ms
404 GET /api/managers {} 0.276 ms
404 GET /api/managers {} 0.262 ms
404 GET /api/managers {} 5.233 ms
404 GET /api/managers {} 0.553 ms
404 GET /api/managers {} 0.525 ms
404 GET /api/managers {} 0.580 ms
404 GET /api/managers {} 0.276 ms
404 GET /api/appointments/undefined {} 14.088 ms
404 GET /api/managers {} 1.963 ms
404 GET /api/managers {} 0.225 ms
404 GET /api/appointments/undefined {} 0.237 ms
404 GET /api/managers {} 0.520 ms
404 GET /api/appointments/undefined {} 0.914 ms
404 GET /api/appointments/undefined {} 0.287 ms
404 GET /api/managers {} 0.272 ms
404 GET /api/managers {} 0.405 ms
404 GET /api/managers {} 0.333 ms
404 GET /api/managers {} 0.833 ms
404 GET /api/managers {} 0.310 ms
400 POST /api/admin/loginAdmin {"email":"a.chouqfi@gmail.com","password":"\"dsf"} 86.832 ms
200 POST /api/admin/loginAdmin {"email":"a.chouqfi@gmail.com","password":"123"} 6.884 ms
404 GET /api/appointments/undefined {} 0.531 ms
404 GET /api/appointments/undefined {} 0.258 ms
404 GET /api/managers {} 0.270 ms
404 GET /api/managers {} 0.281 ms
404 GET /api/managers {} 0.747 ms
404 GET /api/managers {} 0.460 ms
404 GET /api/appointments/undefined {} 0.571 ms
404 GET /api/appointments/undefined {} 0.458 ms
404 GET /api/managers {} 0.764 ms
404 GET /api/managers {} 0.491 ms
200 POST /api/admin/loginAdmin {"email":"a.chouqfi@gmail.com","password":"123"} 3.765 ms
404 GET /api/appointments/undefined {} 0.822 ms
404 GET /api/appointments/undefined {} 0.624 ms
404 GET /api/managers {} 0.323 ms
404 GET /api/managers {} 0.519 ms
404 GET /api/appointments/undefined {} 0.477 ms
404 GET /api/appointments/undefined {} 0.436 ms
404 GET /api/managers {} 0.471 ms
404 GET /api/managers {} 0.726 ms
404 GET /api/managers {} 0.547 ms
404 GET /api/managers {} 0.518 ms
404 POST /api/admin/user/loginUser {"email":"ay@gmail.com","password":"123"} 3.369 ms
- POST /api/user/loginUser {"email":"ay@gmail.com","password":"123"} - ms
- POST /api/user/loginUser {"email":"ay@gmail.com","password":"123"} - ms
404 POST /api/user/loginUser {"email":"ay@gmailf.com","password":"123"} 4.332 ms
404 GET /api/meals {} 2.148 ms
404 POST /api/meals {"title":"sdsf","Subject":"sdfdsf","dateStart":"sdfdsf","timeStart":"sdfdsf","timeEnd":"ée"} 0.529 ms
404 POST /api/meals {"title":"sdsf","Subject":"sdfdsf","dateStart":"sdfdsf","timeStart":"sdfdsf","timeEnd":"ée","description":"dsfqsdf"} 0.425 ms
404 POST /api/meals {"title":"sdsf","Subject":"sdfdsf","dateStart":"sdfdsf","timeStart":"sdfdsf","timeEnd":"ée","description":"dsfqsdf","user":"628f94a4efcab29f77c69c98"} 0.425 ms
404 POST /api/meals {"title":"sdsf","Subject":"sdfdsf","dateStart":"sdfdsf","timeStart":"sdfdsf","timeEnd":"ée","description":"dsfqsdf","user":"628f94a4efcab29f77c69c98"} 0.454 ms
404 POST /api/meals {"title":"sdsf","Subject":"sdfdsf","dateStart":"sdfdsf","timeStart":"sdfdsf","timeEnd":"ée","description":"dsfqsdf","user":"628f94a4efcab29f77c69c98"} 6.137 ms
404 POST /api/meals {"title":"sdsf","Subject":"sdfdsf","dateStart":"sdfdsf","timeStart":"sdfdsf","timeEnd":"ée","description":"dsfqsdf","user":"628f94a4efcab29f77c69c98"} 7.966 ms
200 POST /api/meals {"title":"sdsf","Subject":"sdfdsf","dateStart":"sdfdsf","timeStart":"sdfdsf","timeEnd":"ée","description":"dsfqsdf","user":"628f94a4efcab29f77c69c98"} 21.852 ms
404 GET /api/meals {"title":"sdsf","Subject":"sdfdsf","dateStart":"sdfdsf","timeStart":"sdfdsf","timeEnd":"ée","description":"dsfqsdf","user":"628f94a4efcab29f77c69c98"} 0.845 ms
404 GET /api/meals/get {"title":"sdsf","Subject":"sdfdsf","dateStart":"sdfdsf","timeStart":"sdfdsf","timeEnd":"ée","description":"dsfqsdf","user":"628f94a4efcab29f77c69c98"} 2.374 ms
200 GET /api/meals/get {"title":"sdsf","Subject":"sdfdsf","dateStart":"sdfdsf","timeStart":"sdfdsf","timeEnd":"ée","description":"dsfqsdf","user":"628f94a4efcab29f77c69c98"} 24.145 ms
200 GET /api/meals/get {"title":"sdsf","Subject":"sdfdsf","dateStart":"sdfdsf","timeStart":"sdfdsf","timeEnd":"ée","description":"dsfqsdf","user":"628f94a4efcab29f77c69c98"} 14.182 ms
200 GET /api/meals/get {"title":"sdsf","Subject":"sdfdsf","dateStart":"sdfdsf","timeStart":"sdfdsf","timeEnd":"ée","description":"dsfqsdf","user":"628f94a4efcab29f77c69c98"} 13.746 ms
200 GET /api/meals/get {} 6.739 ms
304 GET /api/meals/get {} 5.502 ms
304 GET /api/meals/get {} 2.272 ms
304 GET /api/meals/get {} 4.140 ms
304 GET /api/meals/get {} 5.596 ms
304 GET /api/meals/get {} 2.451 ms
304 GET /api/meals/get {} 2.165 ms
304 GET /api/meals/get {} 3.494 ms
304 GET /api/meals/get {} 3.001 ms
304 GET /api/meals/get {} 2.451 ms
304 GET /api/meals/get {} 1.609 ms
304 GET /api/meals/get {} 1.569 ms
304 GET /api/meals/get {} 2.148 ms
304 GET /api/meals/get {} 2.022 ms
304 GET /api/meals/get {} 3.401 ms
304 GET /api/meals/get {} 2.964 ms
304 GET /api/meals/get {} 2.143 ms
304 GET /api/meals/get {} 3.468 ms
304 GET /api/meals/get {} 3.084 ms
304 GET /api/meals/get {} 3.664 ms
304 GET /api/meals/get {} 11.609 ms
404 POST /api/events {"title":"Jsjbsvs","subject":"Bwbjwb","description":"Vshshs","start":"23-6-2022","startTime":"22:54:17:182","endTime":"23:49:17:182"} 2.197 ms
404 POST /api/events {"title":"Jsjbsvs","subject":"Bwbjwb","description":"Vshshs","start":"23-6-2022","startTime":"22:54:17:182","endTime":"23:49:17:182"} 1.496 ms
304 GET /api/meals/get {} 25.245 ms
404 POST /api/events {"title":"Jsjbsvs","subject":"Bwbjwb","description":"Vshshs","start":"23-6-2022","startTime":"22:54:17:182","endTime":"23:49:17:182"} 0.267 ms
304 GET /api/meals/get {} 1.745 ms
304 GET /api/meals/get {} 1.841 ms
304 GET /api/meals/get {} 20.487 ms
304 GET /api/meals/get {} 6.110 ms
304 GET /api/meals/get {} 2.025 ms
304 GET /api/meals/get {} 1.746 ms
404 POST /api/meals/add {"title":"Jsjbsvs","subject":"Bwbjwb","description":"Vshshs","start":"23-6-2022","startTime":"22:54:17:182","endTime":"23:49:17:182"} 9.616 ms
404 POST /api/meals/add {"title":"Jsjbsvs","subject":"Bwbjwb","description":"Vshshs","start":"23-6-2022","startTime":"22:54:17:182","endTime":"23:49:17:182"} 3.902 ms
404 POST /api/meals/add {"title":"Jsjbsvs","subject":"Bwbjwb","description":"Vshshs","start":"23-6-2022","startTime":"22:54:17:182","endTime":"23:49:17:182"} 4.766 ms
404 POST /api/meals/add {"title":"Jsjbsvs","subject":"Bwbjwb","description":"Vshshs","start":"23-6-2022","startTime":"22:54:17:182","endTime":"23:49:17:182"} 3.731 ms
404 POST /api/meals/add {"title":"Jsjbsvs","subject":"Bwbjwb","description":"Vshshs","start":"23-6-2022","startTime":"22:54:17:182","endTime":"23:49:17:182"} 6.439 ms
304 GET /api/meals/get {} 17.030 ms
304 GET /api/meals/get {} 2.583 ms
304 GET /api/meals/get {} 14.794 ms
304 GET /api/meals/get {} 1.945 ms
304 GET /api/meals/get {} 2.977 ms
304 GET /api/meals/get {} 1.980 ms
304 GET /api/meals/get {} 3.108 ms
304 GET /api/meals/get {} 4.269 ms
304 GET /api/meals/get {} 6.124 ms
404 POST /api/meals/add {"title":"Yhg","subject":" Ubv","description":"Gjv","dateStart":"19-6-2022","timeStart":"0:1:5:550","timeEnd":"2:10:5:550"} 20.131 ms
404 POST /api/meals/add {"title":"Yhg","subject":" Ubv","description":"Gjv","dateStart":"19-6-2022","timeStart":"0:1:5:550","timeEnd":"2:10:5:550"} 17.186 ms
404 POST /api/meals/add {"title":"Yhg","subject":" Ubv","description":"Gjv","dateStart":"19-6-2022","timeStart":"0:1:5:550","timeEnd":"2:10:5:550"} 12.516 ms
200 POST /api/meals/add {"title":"Yhg","subject":" Ubv","description":"Gjv","dateStart":"19-6-2022","timeStart":"0:1:5:550","timeEnd":"2:10:5:550"} 20.437 ms
200 GET /api/meals/get {} 8.924 ms
200 GET /api/meals/get {} 3.524 ms
304 GET /api/meals/get {} 2.900 ms
304 GET /api/meals/get {} 2.091 ms
304 GET /api/meals/get {} 2.157 ms
304 GET /api/meals/get {} 3.766 ms
304 GET /api/meals/get {} 1.900 ms
304 GET /api/meals/get {} 1.992 ms
304 GET /api/meals/get {} 2.980 ms
304 GET /api/meals/get {} 2.840 ms
304 GET /api/meals/get {} 3.207 ms
304 GET /api/meals/get {} 2.176 ms
304 GET /api/meals/get {} 1.966 ms
304 GET /api/meals/get {} 1.774 ms
304 GET /api/meals/get {} 2.688 ms
304 GET /api/meals/get {} 3.526 ms
304 GET /api/meals/get {} 2.822 ms
304 GET /api/meals/get {} 3.252 ms
304 GET /api/meals/get {} 4.540 ms
304 GET /api/meals/get {} 2.951 ms
304 GET /api/meals/get {} 1.959 ms
304 GET /api/meals/get {} 2.931 ms
304 GET /api/meals/get {} 2.567 ms
304 GET /api/meals/get {} 2.482 ms
304 GET /api/meals/get {} 2.774 ms
304 GET /api/meals/get {} 1.889 ms
404 GET /api/meals/get {"title":"sdsf","Subject":"sdfdsf","dateStart":"sdfdsf","timeStart":"sdfdsf","timeEnd":"ée","description":"dsfqsdf","user":"628f94a4efcab29f77c69c98"} 28.422 ms
200 GET /api/meals/get {"title":"sdsf","Subject":"sdfdsf","dateStart":"sdfdsf","timeStart":"sdfdsf","timeEnd":"ée","description":"dsfqsdf","user":"628f94a4efcab29f77c69c98"} 29.487 ms
200 GET /api/meals/get {} 41.888 ms
304 GET /api/meals/get {} 6.166 ms
200 POST /api/meals/add {"title":"Hgcc","subject":"Ghc","description":"Vhh","dateStart":"23-6-2022","timeStart":"0:8:49:126","timeEnd":"18:15:49:126"} 14.248 ms
200 GET /api/meals/get {} 2.994 ms
304 GET /api/meals/get {} 2.142 ms
200 GET /api/meals/get {"title":"sdsf","Subject":"sdfdsf","dateStart":"sdfdsf","timeStart":"sdfdsf","timeEnd":"ée","description":"dsfqsdf","user":"628f94a4efcab29f77c69c98"} 3.717 ms
200 GET /api/meals/get {"title":"sdsf","Subject":"sdfdsf","dateStart":"sdfdsf","timeStart":"sdfdsf","timeEnd":"ée","description":"dsfqsdf","user":"628f94a4efcab29f77c69c98"} 15.815 ms
200 GET /api/meals/get {"title":"sdsf","Subject":"sdfdsf","dateStart":"sdfdsf","timeStart":"sdfdsf","timeEnd":"ée","description":"dsfqsdf","user":"628f94a4efcab29f77c69c98"} 4.792 ms
200 GET /api/meals/get {"title":"sdsf","Subject":"sdfdsf","dateStart":"sdfdsf","timeStart":"sdfdsf","timeEnd":"ée","description":"dsfqsdf","user":"628f94a4efcab29f77c69c98"} 3.928 ms
200 GET /api/meals/get {} 2.418 ms
304 GET /api/meals/get {} 2.404 ms
304 GET /api/meals/get {} 1.644 ms
304 GET /api/meals/get {} 5.211 ms
304 GET /api/meals/get {} 1.945 ms
200 POST /api/meals/add {"title":"BJ v","subject":" Hbvvv","description":"Repa","dateStart":"2022-6-24","timeStart":"0:21:44:692","timeEnd":"16:15:44:692"} 11.673 ms
200 GET /api/meals/get {} 2.661 ms
200 GET /api/meals/get {"title":"sdsf","Subject":"sdfdsf","dateStart":"sdfdsf","timeStart":"sdfdsf","timeEnd":"ée","description":"dsfqsdf","user":"628f94a4efcab29f77c69c98"} 2.351 ms
304 GET /api/meals/get {} 2.746 ms
304 GET /api/meals/get {} 3.779 ms
304 GET /api/meals/get {} 2.992 ms
304 GET /api/meals/get {} 2.931 ms
304 GET /api/meals/get {} 2.431 ms
304 GET /api/meals/get {} 1.803 ms
304 GET /api/meals/get {} 4.063 ms
304 GET /api/meals/get {} 2.245 ms
304 GET /api/meals/get {} 3.275 ms
304 GET /api/meals/get {} 2.243 ms
304 GET /api/meals/get {} 2.884 ms
304 GET /api/meals/get {} 1.950 ms
304 GET /api/meals/get {} 2.976 ms
304 GET /api/meals/get {} 2.426 ms
304 GET /api/meals/get {} 3.067 ms
304 GET /api/meals/get {} 3.564 ms
304 GET /api/meals/get {} 3.060 ms
304 GET /api/meals/get {} 1.894 ms
304 GET /api/meals/get {} 4.264 ms
304 GET /api/meals/get {} 2.096 ms
304 GET /api/meals/get {} 3.833 ms
304 GET /api/meals/get {} 1.722 ms
304 GET /api/meals/get {} 3.487 ms
304 GET /api/meals/get {} 1.967 ms
304 GET /api/meals/get {} 4.080 ms
304 GET /api/meals/get {} 2.143 ms
200 POST /api/meals/add {"title":"Jdjd","subject":"Jdjd","description":"Jdjdjd","dateStart":"2022-6-22","timeStart":"15:28:18:479","timeEnd":"16:28:18:479"} 9.571 ms
200 GET /api/meals/get {} 4.017 ms
304 GET /api/meals/get {} 1.821 ms
200 POST /api/meals/add {"title":"Salaam","subject":"Nsnsj","description":"Bdbdb","dateStart":"2022-6-21","timeStart":"3:30:24:950","timeEnd":"5:30:24:950"} 4.958 ms
200 GET /api/meals/get {} 4.961 ms
304 GET /api/meals/get {} 2.742 ms
304 GET /api/meals/get {} 3.706 ms
304 GET /api/meals/get {} 11.726 ms
304 GET /api/meals/get {} 2.293 ms
304 GET /api/meals/get {} 2.479 ms
304 GET /api/meals/get {} 2.637 ms
304 GET /api/meals/get {} 13.958 ms
304 GET /api/meals/get {} 1.813 ms
304 GET /api/meals/get {} 3.871 ms
304 GET /api/meals/get {} 2.047 ms
304 GET /api/meals/get {} 5.936 ms
304 GET /api/meals/get {} 2.312 ms
304 GET /api/meals/get {} 2.119 ms
304 GET /api/meals/get {} 5.044 ms
304 GET /api/meals/get {} 2.055 ms
304 GET /api/meals/get {} 5.484 ms
304 GET /api/meals/get {} 2.507 ms
304 GET /api/meals/get {} 4.420 ms
304 GET /api/meals/get {} 4.730 ms
304 GET /api/meals/get {} 2.893 ms
304 GET /api/meals/get {} 6.283 ms
304 GET /api/meals/get {} 4.423 ms
304 GET /api/meals/get {} 2.049 ms
304 GET /api/meals/get {} 2.201 ms
304 GET /api/meals/get {} 2.061 ms
304 GET /api/meals/get {} 2.228 ms
304 GET /api/meals/get {} 4.588 ms
304 GET /api/meals/get {} 2.043 ms
304 GET /api/meals/get {} 2.789 ms
304 GET /api/meals/get {} 1.964 ms
304 GET /api/meals/get {} 4.237 ms
304 GET /api/meals/get {} 5.396 ms
304 GET /api/meals/get {} 5.545 ms
304 GET /api/meals/get {} 2.574 ms
304 GET /api/meals/get {} 1.651 ms
304 GET /api/meals/get {} 2.114 ms
304 GET /api/meals/get {} 2.041 ms
304 GET /api/meals/get {} 2.159 ms
304 GET /api/meals/get {} 3.919 ms
304 GET /api/meals/get {} 1.753 ms
304 GET /api/meals/get {} 2.482 ms
304 GET /api/meals/get {} 6.015 ms
304 GET /api/meals/get {} 2.815 ms
304 GET /api/meals/get {} 1.810 ms
304 GET /api/meals/get {} 3.360 ms
304 GET /api/meals/get {} 2.112 ms
304 GET /api/meals/get {} 2.011 ms
304 GET /api/meals/get {} 2.487 ms
304 GET /api/meals/get {} 2.689 ms
304 GET /api/meals/get {} 6.051 ms
304 GET /api/meals/get {} 3.591 ms
304 GET /api/meals/get {} 1.829 ms
304 GET /api/meals/get {} 1.871 ms
304 GET /api/meals/get {} 1.885 ms
304 GET /api/meals/get {} 2.629 ms
304 GET /api/meals/get {} 2.012 ms
304 GET /api/meals/get {} 2.188 ms
304 GET /api/meals/get {} 4.616 ms
304 GET /api/meals/get {} 5.954 ms
304 GET /api/meals/get {} 2.353 ms
304 GET /api/meals/get {} 2.138 ms
304 GET /api/meals/get {} 4.836 ms
304 GET /api/meals/get {} 3.752 ms
304 GET /api/meals/get {} 5.127 ms
304 GET /api/meals/get {} 3.206 ms
304 GET /api/meals/get {} 2.190 ms
304 GET /api/meals/get {} 2.288 ms
304 GET /api/meals/get {} 2.587 ms
304 GET /api/meals/get {} 3.506 ms
304 GET /api/meals/get {} 3.878 ms
